<?xml version="1.0" encoding="UTF-8"?>
<!-- Generated by org.testng.reporters.JUnitReportReporter -->
<testsuite hostname="DESKTOP-GFVDO37" failures="0" tests="1" name="com.adobe.aem.guides.wknd.core.dao.ClientDaoTest" time="1.169" errors="0" timestamp="2022-08-17T01:48:20 BRT" skipped="0">
  <testcase classname="com.adobe.aem.guides.wknd.core.dao.ClientDaoTest" name="search" time="1.169"/>
  <system-out/>
</testsuite> <!-- com.adobe.aem.guides.wknd.core.dao.ClientDaoTest -->
